# JRE version: Java(TM) SE Runtime Environment (8.0_261-b12) (build 1.8.0_261-b12)
# Java VM: Java HotSpot(TM) 64-Bit Server VM (25.261-b12 mixed mode windows-amd64 compressed oops)
Heap:
 PSYoungGen      total 161792K, used 32015K [0x00000000e0000000, 0x00000000ece00000, 0x0000000100000000)
  eden space 128000K, 25% used [0x00000000e0000000,0x00000000e1f43ee0,0x00000000e7d00000)
  from space 33792K, 0% used [0x00000000e9d80000,0x00000000e9d80000,0x00000000ebe80000)
  to   space 33280K, 0% used [0x00000000e7d00000,0x00000000e7d00000,0x00000000e9d80000)
 ParOldGen       total 152064K, used 67170K [0x00000000a0000000, 0x00000000a9480000, 0x00000000e0000000)
  object space 152064K, 44% used [0x00000000a0000000,0x00000000a4198898,0x00000000a9480000)
 Metaspace       used 89637K, capacity 102993K, committed 103168K, reserved 1138688K
  class space    used 12268K, capacity 13039K, committed 13056K, reserved 1048576K
GC Heap History (10 events):
Event: 13.016 GC heap before
{Heap before GC invocations=14 (full 3):
 PSYoungGen      total 110592K, used 103623K [0x00000000e0000000, 0x00000000e7f00000, 0x0000000100000000)
  eden space 92160K, 100% used [0x00000000e0000000,0x00000000e5a00000,0x00000000e5a00000)
  from space 18432K, 62% used [0x00000000e6d00000,0x00000000e7831ff0,0x00000000e7f00000)
  to   space 18944K, 0% used [0x00000000e5a00000,0x00000000e5a00000,0x00000000e6c80000)
 ParOldGen       total 152064K, used 51340K [0x00000000a0000000, 0x00000000a9480000, 0x00000000e0000000)
  object space 152064K, 33% used [0x00000000a0000000,0x00000000a3223210,0x00000000a9480000)
 Metaspace       used 78300K, capacity 89897K, committed 90112K, reserved 1128448K
  class space    used 11064K, capacity 11754K, committed 11776K, reserved 1048576K
Event: 13.031 GC heap after
Heap after GC invocations=14 (full 3):
 PSYoungGen      total 111104K, used 18919K [0x00000000e0000000, 0x00000000e9300000, 0x0000000100000000)
  eden space 92160K, 0% used [0x00000000e0000000,0x00000000e0000000,0x00000000e5a00000)
  from space 18944K, 99% used [0x00000000e5a00000,0x00000000e6c79de0,0x00000000e6c80000)
  to   space 22016K, 0% used [0x00000000e7d80000,0x00000000e7d80000,0x00000000e9300000)
 ParOldGen       total 152064K, used 52713K [0x00000000a0000000, 0x00000000a9480000, 0x00000000e0000000)
  object space 152064K, 34% used [0x00000000a0000000,0x00000000a337a400,0x00000000a9480000)
 Metaspace       used 78300K, capacity 89897K, committed 90112K, reserved 1128448K
  class space    used 11064K, capacity 11754K, committed 11776K, reserved 1048576K
}
Event: 13.460 GC heap before
{Heap before GC invocations=15 (full 3):
 PSYoungGen      total 111104K, used 111074K [0x00000000e0000000, 0x00000000e9300000, 0x0000000100000000)
  eden space 92160K, 99% used [0x00000000e0000000,0x00000000e59fedf8,0x00000000e5a00000)
  from space 18944K, 99% used [0x00000000e5a00000,0x00000000e6c79de0,0x00000000e6c80000)
  to   space 22016K, 0% used [0x00000000e7d80000,0x00000000e7d80000,0x00000000e9300000)
 ParOldGen       total 152064K, used 52713K [0x00000000a0000000, 0x00000000a9480000, 0x00000000e0000000)
  object space 152064K, 34% used [0x00000000a0000000,0x00000000a337a400,0x00000000a9480000)
 Metaspace       used 78669K, capacity 90301K, committed 90368K, reserved 1128448K
  class space    used 11085K, capacity 11774K, committed 11776K, reserved 1048576K
Event: 13.476 GC heap after
Heap after GC invocations=15 (full 3):
 PSYoungGen      total 128512K, used 14118K [0x00000000e0000000, 0x00000000e9780000, 0x0000000100000000)
  eden space 106496K, 0% used [0x00000000e0000000,0x00000000e0000000,0x00000000e6800000)
  from space 22016K, 64% used [0x00000000e7d80000,0x00000000e8b499e8,0x00000000e9300000)
  to   space 22016K, 0% used [0x00000000e6800000,0x00000000e6800000,0x00000000e7d80000)
 ParOldGen       total 152064K, used 52721K [0x00000000a0000000, 0x00000000a9480000, 0x00000000e0000000)
  object space 152064K, 34% used [0x00000000a0000000,0x00000000a337c400,0x00000000a9480000)
 Metaspace       used 78669K, capacity 90301K, committed 90368K, reserved 1128448K
  class space    used 11085K, capacity 11774K, committed 11776K, reserved 1048576K
}
Event: 15.577 GC heap before
{Heap before GC invocations=16 (full 3):
 PSYoungGen      total 128512K, used 120614K [0x00000000e0000000, 0x00000000e9780000, 0x0000000100000000)
  eden space 106496K, 100% used [0x00000000e0000000,0x00000000e6800000,0x00000000e6800000)
  from space 22016K, 64% used [0x00000000e7d80000,0x00000000e8b499e8,0x00000000e9300000)
  to   space 22016K, 0% used [0x00000000e6800000,0x00000000e6800000,0x00000000e7d80000)
 ParOldGen       total 152064K, used 52721K [0x00000000a0000000, 0x00000000a9480000, 0x00000000e0000000)
  object space 152064K, 34% used [0x00000000a0000000,0x00000000a337c400,0x00000000a9480000)
 Metaspace       used 84806K, capacity 97341K, committed 97536K, reserved 1134592K
  class space    used 11740K, capacity 12490K, committed 12544K, reserved 1048576K
Event: 15.607 GC heap after
Heap after GC invocations=16 (full 3):
 PSYoungGen      total 128512K, used 22000K [0x00000000e0000000, 0x00000000ebe80000, 0x0000000100000000)
  eden space 106496K, 0% used [0x00000000e0000000,0x00000000e0000000,0x00000000e6800000)
  from space 22016K, 99% used [0x00000000e6800000,0x00000000e7d7c3a0,0x00000000e7d80000)
  to   space 33792K, 0% used [0x00000000e9d80000,0x00000000e9d80000,0x00000000ebe80000)
 ParOldGen       total 152064K, used 76492K [0x00000000a0000000, 0x00000000a9480000, 0x00000000e0000000)
  object space 152064K, 50% used [0x00000000a0000000,0x00000000a4ab3248,0x00000000a9480000)
 Metaspace       used 84806K, capacity 97341K, committed 97536K, reserved 1134592K
  class space    used 11740K, capacity 12490K, committed 12544K, reserved 1048576K
}
Event: 15.734 GC heap before
{Heap before GC invocations=17 (full 3):
 PSYoungGen      total 128512K, used 25481K [0x00000000e0000000, 0x00000000ebe80000, 0x0000000100000000)
  eden space 106496K, 3% used [0x00000000e0000000,0x00000000e0366298,0x00000000e6800000)
  from space 22016K, 99% used [0x00000000e6800000,0x00000000e7d7c3a0,0x00000000e7d80000)
  to   space 33792K, 0% used [0x00000000e9d80000,0x00000000e9d80000,0x00000000ebe80000)
 ParOldGen       total 152064K, used 76492K [0x00000000a0000000, 0x00000000a9480000, 0x00000000e0000000)
  object space 152064K, 50% used [0x00000000a0000000,0x00000000a4ab3248,0x00000000a9480000)
 Metaspace       used 85510K, capacity 98221K, committed 98348K, reserved 1134592K
  class space    used 11821K, capacity 12592K, committed 12672K, reserved 1048576K
Event: 15.758 GC heap after
Heap after GC invocations=17 (full 3):
 PSYoungGen      total 161792K, used 19446K [0x00000000e0000000, 0x00000000ece00000, 0x0000000100000000)
  eden space 128000K, 0% used [0x00000000e0000000,0x00000000e0000000,0x00000000e7d00000)
  from space 33792K, 57% used [0x00000000e9d80000,0x00000000eb07da98,0x00000000ebe80000)
  to   space 33280K, 0% used [0x00000000e7d00000,0x00000000e7d00000,0x00000000e9d80000)
 ParOldGen       total 152064K, used 79765K [0x00000000a0000000, 0x00000000a9480000, 0x00000000e0000000)
  object space 152064K, 52% used [0x00000000a0000000,0x00000000a4de5720,0x00000000a9480000)
 Metaspace       used 85510K, capacity 98221K, committed 98348K, reserved 1134592K
  class space    used 11821K, capacity 12592K, committed 12672K, reserved 1048576K
}
Event: 15.758 GC heap before
{Heap before GC invocations=18 (full 4):
 PSYoungGen      total 161792K, used 19446K [0x00000000e0000000, 0x00000000ece00000, 0x0000000100000000)
  eden space 128000K, 0% used [0x00000000e0000000,0x00000000e0000000,0x00000000e7d00000)
  from space 33792K, 57% used [0x00000000e9d80000,0x00000000eb07da98,0x00000000ebe80000)
  to   space 33280K, 0% used [0x00000000e7d00000,0x00000000e7d00000,0x00000000e9d80000)
 ParOldGen       total 152064K, used 79765K [0x00000000a0000000, 0x00000000a9480000, 0x00000000e0000000)
  object space 152064K, 52% used [0x00000000a0000000,0x00000000a4de5720,0x00000000a9480000)
 Metaspace       used 85510K, capacity 98221K, committed 98348K, reserved 1134592K
  class space    used 11821K, capacity 12592K, committed 12672K, reserved 1048576K
Event: 15.970 GC heap after
Heap after GC invocations=18 (full 4):
 PSYoungGen      total 161792K, used 0K [0x00000000e0000000, 0x00000000ece00000, 0x0000000100000000)
  eden space 128000K, 0% used [0x00000000e0000000,0x00000000e0000000,0x00000000e7d00000)
  from space 33792K, 0% used [0x00000000e9d80000,0x00000000e9d80000,0x00000000ebe80000)
  to   space 33280K, 0% used [0x00000000e7d00000,0x00000000e7d00000,0x00000000e9d80000)
 ParOldGen       total 152064K, used 67170K [0x00000000a0000000, 0x00000000a9480000, 0x00000000e0000000)
  object space 152064K, 44% used [0x00000000a0000000,0x00000000a4198898,0x00000000a9480000)
 Metaspace       used 85138K, capacity 97455K, committed 98348K, reserved 1134592K
  class space    used 11700K, capacity 12454K, committed 12672K, reserved 1048576K
}

